
=== Thu Sep  2 19:46:48 2021

Packages were changed.
Update Mode: mergeDefaultDependencies

The following packages were updated:
  com.unity.collab-proxy from version 1.3.9 to 1.7.1
  com.unity.ide.visualstudio from version 2.0.7 to 2.0.11
  com.unity.render-pipelines.universal from version 10.4.0 to 10.6.0
  com.unity.test-framework from version 1.1.24 to 1.1.27
  com.unity.textmeshpro from version 3.0.4 to 3.0.6
  com.unity.timeline from version 1.4.7 to 1.4.8

=== Thu Sep 16 21:03:56 2021

Packages were changed.
Update Mode: updateDependencies

The following packages were updated:
  com.unity.collab-proxy from version 1.3.9 to 1.9.0
  com.unity.ide.visualstudio from version 2.0.7 to 2.0.11
  com.unity.render-pipelines.universal from version 10.4.0 to 10.6.0
  com.unity.test-framework from version 1.1.24 to 1.1.29
  com.unity.textmeshpro from version 3.0.4 to 3.0.6
  com.unity.timeline from version 1.4.7 to 1.4.8

=== Thu Feb 10 23:22:51 2022

Packages were changed.
Update Mode: updateDependencies

The following packages were updated:
  com.unity.collab-proxy from version 1.7.1 to 1.15.4
  com.unity.ide.visualstudio from version 2.0.11 to 2.0.12
  com.unity.ide.vscode from version 1.2.3 to 1.2.4
  com.unity.render-pipelines.universal from version 10.6.0 to 10.7.0
  com.unity.test-framework from version 1.1.27 to 1.1.29

=== Sun Nov 20 23:45:17 2022

Packages were changed.
Update Mode: updateDependencies

The following packages were updated:
  com.unity.collab-proxy from version 1.15.4 to 1.17.6
  com.unity.ide.rider from version 2.0.7 to 3.0.16
  com.unity.ide.visualstudio from version 2.0.12 to 2.0.16
  com.unity.ide.vscode from version 1.2.4 to 1.2.5
  com.unity.render-pipelines.universal from version 10.7.0 to 10.10.1
  com.unity.test-framework from version 1.1.29 to 1.1.33
